<?xml version="1.0" encoding="UTF-8"?>
<testng-results skipped="0" failed="1" ignored="0" total="3" passed="2">
  <reporter-output>
  </reporter-output>
  <suite name="Default suite" duration-ms="120986" started-at="2018-08-12T23:25:48Z" finished-at="2018-08-12T23:27:49Z">
    <groups>
    </groups>
    <test name="Default test" duration-ms="120986" started-at="2018-08-12T23:25:48Z" finished-at="2018-08-12T23:27:49Z">
      <class name="AutomationFramework.TestCases">
        <test-method status="PASS" signature="beforeTest()[pri:0, instance:AutomationFramework.TestCases@4493d195]" name="beforeTest" is-config="true" duration-ms="32921" started-at="2018-08-12T23:25:48Z" finished-at="2018-08-12T23:26:21Z">
          <reporter-output>
          </reporter-output>
        </test-method> <!-- beforeTest -->
        <test-method status="PASS" signature="TestFullTransactionProcess()[pri:0, instance:AutomationFramework.TestCases@4493d195]" name="TestFullTransactionProcess" duration-ms="56221" started-at="2018-08-12T23:26:21Z" finished-at="2018-08-12T23:27:17Z">
          <reporter-output>
          </reporter-output>
        </test-method> <!-- TestFullTransactionProcess -->
        <test-method status="PASS" signature="TestOnlyOneMagicMouseIsAdded()[pri:0, instance:AutomationFramework.TestCases@4493d195]" name="TestOnlyOneMagicMouseIsAdded" duration-ms="31139" started-at="2018-08-12T23:27:17Z" finished-at="2018-08-12T23:27:48Z">
          <reporter-output>
          </reporter-output>
        </test-method> <!-- TestOnlyOneMagicMouseIsAdded -->
        <test-method status="FAIL" signature="TestTransactionWithSameBillingAndShippingAddress()[pri:0, instance:AutomationFramework.TestCases@4493d195]" name="TestTransactionWithSameBillingAndShippingAddress" duration-ms="3" started-at="2018-08-12T23:27:48Z" finished-at="2018-08-12T23:27:48Z">
          <exception class="java.lang.Error">
            <message>
              <![CDATA[Unresolved compilation problems: 
js cannot be resolved
js cannot be resolved
e cannot be resolved to a variable
]]>
            </message>
            <full-stacktrace>
              <![CDATA[java.lang.Error: Unresolved compilation problems: 
js cannot be resolved
js cannot be resolved
e cannot be resolved to a variable

at AutomationFramework.TestCases.TestTransactionWithSameBillingAndShippingAddress(TestCases.java:243)
at sun.reflect.NativeMethodAccessorImpl.invoke0(Native Method)
at sun.reflect.NativeMethodAccessorImpl.invoke(Unknown Source)
at sun.reflect.DelegatingMethodAccessorImpl.invoke(Unknown Source)
at java.lang.reflect.Method.invoke(Unknown Source)
at org.testng.internal.MethodInvocationHelper.invokeMethod(MethodInvocationHelper.java:124)
at org.testng.internal.Invoker.invokeMethod(Invoker.java:580)
at org.testng.internal.Invoker.invokeTestMethod(Invoker.java:716)
at org.testng.internal.Invoker.invokeTestMethods(Invoker.java:988)
at org.testng.internal.TestMethodWorker.invokeTestMethods(TestMethodWorker.java:125)
at org.testng.internal.TestMethodWorker.run(TestMethodWorker.java:109)
at org.testng.TestRunner.privateRun(TestRunner.java:648)
at org.testng.TestRunner.run(TestRunner.java:505)
at org.testng.SuiteRunner.runTest(SuiteRunner.java:455)
at org.testng.SuiteRunner.runSequentially(SuiteRunner.java:450)
at org.testng.SuiteRunner.privateRun(SuiteRunner.java:415)
at org.testng.SuiteRunner.run(SuiteRunner.java:364)
at org.testng.SuiteRunnerWorker.runSuite(SuiteRunnerWorker.java:52)
at org.testng.SuiteRunnerWorker.run(SuiteRunnerWorker.java:84)
at org.testng.TestNG.runSuitesSequentially(TestNG.java:1208)
at org.testng.TestNG.runSuitesLocally(TestNG.java:1137)
at org.testng.TestNG.runSuites(TestNG.java:1049)
at org.testng.TestNG.run(TestNG.java:1017)
at org.testng.remote.AbstractRemoteTestNG.run(AbstractRemoteTestNG.java:114)
at org.testng.remote.RemoteTestNG.initAndRun(RemoteTestNG.java:251)
at org.testng.remote.RemoteTestNG.main(RemoteTestNG.java:77)
]]>
            </full-stacktrace>
          </exception> <!-- java.lang.Error -->
          <reporter-output>
          </reporter-output>
        </test-method> <!-- TestTransactionWithSameBillingAndShippingAddress -->
        <test-method status="PASS" signature="afterTest()[pri:0, instance:AutomationFramework.TestCases@4493d195]" name="afterTest" is-config="true" duration-ms="626" started-at="2018-08-12T23:27:48Z" finished-at="2018-08-12T23:27:49Z">
          <reporter-output>
          </reporter-output>
        </test-method> <!-- afterTest -->
      </class> <!-- AutomationFramework.TestCases -->
    </test> <!-- Default test -->
  </suite> <!-- Default suite -->
</testng-results>
